<?xml version="1.0" encoding="UTF-8"?>
<!-- Generated by org.testng.reporters.JUnitReportReporter -->
<testsuite hostname="EC2AMAZ-S11DBRH" failures="0" tests="4" name="parellelScripts.Sample3ParellelTest" time="0.010" errors="0" timestamp="2024-04-29T17:16:54 GMT" skipped="0">
  <testcase classname="parellelScripts.Sample3ParellelTest" name="Test1" time="0.004"/>
  <system-out/>
  <testcase classname="parellelScripts.Sample3ParellelTest" name="Test2" time="0.002"/>
  <system-out/>
  <testcase classname="parellelScripts.Sample3ParellelTest" name="Test3" time="0.002"/>
  <system-out/>
  <testcase classname="parellelScripts.Sample3ParellelTest" name="Test4" time="0.002"/>
  <system-out/>
</testsuite> <!-- parellelScripts.Sample3ParellelTest -->
