<?xml version="1.0" encoding="UTF-8"?>
<!-- Generated by org.testng.reporters.JUnitReportReporter -->
<testsuite hostname="EC2AMAZ-S11DBRH" failures="0" tests="1" name="testngScripts.GooglePagetest" time="4.299" errors="0" timestamp="2024-04-25T07:13:20 GMT" skipped="0">
  <testcase classname="testngScripts.GooglePagetest" name="javaSearchTest" time="4.299"/>
  <system-out/>
</testsuite> <!-- testngScripts.GooglePagetest -->
