<?xml version="1.0" encoding="UTF-8"?>
<!-- Generated by org.testng.reporters.JUnitReportReporter -->
<testsuite hostname="EC2AMAZ-S11DBRH" failures="0" tests="1" name="testngScripts.LoginPageTest" time="8.128" errors="0" timestamp="2024-04-30T03:17:54 GMT" skipped="0">
  <testcase classname="testngScripts.LoginPageTest" name="validLogin" time="8.128"/>
  <system-out/>
</testsuite> <!-- testngScripts.LoginPageTest -->
