<?xml version="1.0" encoding="UTF-8"?>
<!-- Generated by org.testng.reporters.JUnitReportReporter -->
<testsuite hostname="EC2AMAZ-S11DBRH" failures="0" tests="1" name="testngScripts.LoginPageTest" time="5.332" errors="0" timestamp="2024-04-26T06:23:20 GMT" skipped="0">
  <testcase classname="testngScripts.LoginPageTest" name="validLogin" time="5.332"/>
  <system-out/>
</testsuite> <!-- testngScripts.LoginPageTest -->
