<?xml version="1.0" encoding="UTF-8"?>
<!-- Generated by org.testng.reporters.JUnitReportReporter -->
<testsuite hostname="EC2AMAZ-S11DBRH" failures="0" tests="1" name="testngScripts.ExternalDataDriven" time="0.000" errors="0" timestamp="2024-04-30T06:11:46 GMT" skipped="1">
  <testcase classname="testngScripts.ExternalDataDriven" name="validLogin" time="0.000">
    <skipped/>
  </testcase> <!-- validLogin -->
  <system-out/>
</testsuite> <!-- testngScripts.ExternalDataDriven -->
