<?xml version="1.0" encoding="UTF-8"?>
<!-- Generated by org.testng.reporters.JUnitReportReporter -->
<testsuite hostname="EC2AMAZ-S11DBRH" failures="0" tests="3" name="testngScripts.Sample1Test" time="0.014" errors="0" timestamp="2024-04-29T18:23:18 GMT" skipped="0">
  <testcase classname="testngScripts.Sample1Test" name="Test1" time="0.011"/>
  <system-out/>
  <testcase classname="testngScripts.Sample1Test" name="Test3" time="0.001"/>
  <system-out/>
  <testcase classname="testngScripts.Sample1Test" name="Test2" time="0.002"/>
  <system-out/>
</testsuite> <!-- testngScripts.Sample1Test -->
