<?xml version="1.0" encoding="UTF-8"?>
<!-- Generated by org.testng.reporters.JUnitReportReporter -->
<testsuite hostname="EC2AMAZ-S11DBRH" failures="0" tests="4" name="parellelScripts.Sample2ParellelTest" time="0.027" errors="0" timestamp="2024-04-29T17:16:54 GMT" skipped="0">
  <testcase classname="parellelScripts.Sample2ParellelTest" name="Test4" time="0.003"/>
  <system-out/>
  <testcase classname="parellelScripts.Sample2ParellelTest" name="Test2" time="0.005"/>
  <system-out/>
  <testcase classname="parellelScripts.Sample2ParellelTest" name="Test1" time="0.013"/>
  <system-out/>
  <testcase classname="parellelScripts.Sample2ParellelTest" name="Test3" time="0.006"/>
  <system-out/>
</testsuite> <!-- parellelScripts.Sample2ParellelTest -->
