<?xml version="1.0" encoding="UTF-8"?>
<!-- Generated by org.testng.reporters.JUnitReportReporter -->
<testsuite hostname="EC2AMAZ-S11DBRH" failures="0" tests="1" name="testngScripts.ExternalFileTest" time="6.485" errors="0" timestamp="2024-04-30T04:10:19 GMT" skipped="0">
  <testcase classname="testngScripts.ExternalFileTest" name="validLogin" time="6.485"/>
  <system-out/>
</testsuite> <!-- testngScripts.ExternalFileTest -->
